#
# There is insufficient memory for the Java Runtime Environment to continue.
# Native memory allocation (malloc) failed to allocate 2299856 bytes for Chunk::new
# Possible reasons:
#   The system is out of physical RAM or swap space
#   In 32 bit mode, the process size limit was hit
# Possible solutions:
#   Reduce memory load on the system
#   Increase physical memory or swap space
#   Check if swap backing store is full
#   Use 64 bit Java on a 64 bit OS
#   Decrease Java heap size (-Xmx/-Xms)
#   Decrease number of Java threads
#   Decrease Java thread stack sizes (-Xss)
#   Set larger code cache with -XX:ReservedCodeCacheSize=
# This output file may be truncated or incomplete.
#
#  Out of Memory Error (allocation.cpp:390), pid=4400, tid=14060
#
# JRE version: Java(TM) SE Runtime Environment (8.0_72-b15) (build 1.8.0_72-b15)
# Java VM: Java HotSpot(TM) 64-Bit Server VM (25.72-b15 mixed mode windows-amd64 compressed oops)
# Failed to write core dump. Minidumps are not enabled by default on client versions of Windows
#

---------------  T H R E A D  ---------------

Current thread (0x00000000189cf000):  JavaThread "C2 CompilerThread1" daemon [_thread_in_native, id=14060, stack(0x0000000019600000,0x0000000019700000)]

Stack: [0x0000000019600000,0x0000000019700000]
[error occurred during error reporting (printing stack bounds), id 0xc0000005]

Native frames: (J=compiled Java code, j=interpreted, Vv=VM code, C=native code)


Current CompileTask:
C2:   5963 3170       4       java.net.URLClassLoader$1::run (5 bytes)


---------------  P R O C E S S  ---------------

Java Threads: ( => current thread )
  0x0000000018a60000 JavaThread "Service Thread" daemon [_thread_blocked, id=14604, stack(0x0000000019a80000,0x0000000019b80000)]
  0x00000000189d0000 JavaThread "C1 CompilerThread2" daemon [_thread_blocked, id=12480, stack(0x00000000197a0000,0x00000000198a0000)]
=>0x00000000189cf000 JavaThread "C2 CompilerThread1" daemon [_thread_in_native, id=14060, stack(0x0000000019600000,0x0000000019700000)]
  0x00000000189ce800 JavaThread "C2 CompilerThread0" daemon [_thread_in_native, id=5860, stack(0x0000000019400000,0x0000000019500000)]
  0x0000000017569000 JavaThread "Monitor Ctrl-Break" daemon [_thread_in_native, id=7412, stack(0x0000000019290000,0x0000000019390000)]
  0x00000000189a3000 JavaThread "Attach Listener" daemon [_thread_blocked, id=10580, stack(0x0000000018fb0000,0x00000000190b0000)]
  0x00000000189a2800 JavaThread "Signal Dispatcher" daemon [_thread_blocked, id=3264, stack(0x0000000018e00000,0x0000000018f00000)]
  0x000000001754c800 JavaThread "Finalizer" daemon [_thread_blocked, id=5968, stack(0x00000000188a0000,0x00000000189a0000)]
  0x0000000017505800 JavaThread "Reference Handler" daemon [_thread_blocked, id=7836, stack(0x00000000185c0000,0x00000000186c0000)]
  0x0000000001efa000 JavaThread "main" [_thread_in_vm, id=7400, stack(0x0000000002210000,0x0000000002310000)]

Other Threads:
  0x00000000174fe000 VMThread [stack: 0x0000000018730000,0x0000000018830000] [id=5148]
  0x0000000018a70000 WatcherThread [stack: 0x0000000019980000,0x0000000019a80000] [id=6676]

VM state:not at safepoint (normal execution)

VM Mutex/Monitor currently owned by a thread: None

Heap:
 PSYoungGen      total 71680K, used 15946K [0x00000000d5580000, 0x00000000df280000, 0x0000000100000000)
  eden space 66560K, 23% used [0x00000000d5580000,0x00000000d6512b48,0x00000000d9680000)
  from space 5120K, 0% used [0x00000000d9680000,0x00000000d9680000,0x00000000d9b80000)
  to   space 13824K, 0% used [0x00000000de500000,0x00000000de500000,0x00000000df280000)
 ParOldGen       total 72192K, used 17748K [0x0000000080000000, 0x0000000084680000, 0x00000000d5580000)
  object space 72192K, 24% used [0x0000000080000000,0x0000000081155038,0x0000000084680000)
 Metaspace       used 21267K, capacity 21894K, committed 22192K, reserved 1069056K
  class space    used 2531K, capacity 2745K, committed 2816K, reserved 1048576K

Card table byte_map: [0x0000000011ab0000,0x0000000011ec0000] byte_map_base: 0x00000000116b0000

Marking Bits: (ParMarkBitMap*) 0x000000006ff50600
 Begin Bits: [0x0000000012770000, 0x0000000014770000)
 End Bits:   [0x0000000014770000, 0x0000000016770000)

Polling page: 0x0000000000110000

CodeCache: size=245760Kb used=10817Kb max_used=10817Kb free=234942Kb
 bounds [0x00000000026f0000, 0x0000000003190000, 0x00000000116f0000]
 total_blobs=3581 nmethods=3207 adapters=286
 compilation: enabled

Compilation events (10 events):
Event: 5.947 Thread 0x00000000189d0000 3267   !   3       sun.misc.URLClassPath$JarLoader::checkJar (51 bytes)
Event: 5.948 Thread 0x00000000189d0000 nmethod 3267 0x0000000003187150 code [0x0000000003187300, 0x00000000031878a8]
Event: 5.948 Thread 0x00000000189d0000 3268  s    3       sun.misc.URLClassPath::validateLookupCache (80 bytes)
Event: 5.948 Thread 0x00000000189d0000 nmethod 3268 0x0000000003187ad0 code [0x0000000003187c60, 0x0000000003188218]
Event: 5.952 Thread 0x00000000189d0000 3269       3       java.util.jar.Manifest$FastInputStream::fill (38 bytes)
Event: 5.952 Thread 0x00000000189d0000 nmethod 3269 0x00000000031883d0 code [0x0000000003188540, 0x00000000031887c8]
Event: 5.954 Thread 0x00000000189d0000 3270       1       java.security.PermissionCollection::isReadOnly (5 bytes)
Event: 5.954 Thread 0x00000000189d0000 nmethod 3270 0x0000000003188890 code [0x00000000031889e0, 0x0000000003188af0]
Event: 5.958 Thread 0x00000000189d0000 3271       3       com.google.common.collect.ImmutableSet::of (4 bytes)
Event: 5.958 Thread 0x00000000189d0000 nmethod 3271 0x0000000003188b50 code [0x0000000003188ca0, 0x0000000003188dd0]

GC Heap History (10 events):
Event: 3.248 GC heap before
{Heap before GC invocations=4 (full 0):
 PSYoungGen      total 38400K, used 38384K [0x00000000d5580000, 0x00000000da080000, 0x0000000100000000)
  eden space 33280K, 100% used [0x00000000d5580000,0x00000000d7600000,0x00000000d7600000)
  from space 5120K, 99% used [0x00000000d7600000,0x00000000d7afc010,0x00000000d7b00000)
  to   space 5120K, 0% used [0x00000000d9b80000,0x00000000d9b80000,0x00000000da080000)
 ParOldGen       total 87552K, used 5683K [0x0000000080000000, 0x0000000085580000, 0x00000000d5580000)
  object space 87552K, 6% used [0x0000000080000000,0x000000008058cff0,0x0000000085580000)
 Metaspace       used 14262K, capacity 14518K, committed 14720K, reserved 1062912K
  class space    used 1718K, capacity 1807K, committed 1920K, reserved 1048576K
Event: 3.266 GC heap after
Heap after GC invocations=4 (full 0):
 PSYoungGen      total 71680K, used 5104K [0x00000000d5580000, 0x00000000da080000, 0x0000000100000000)
  eden space 66560K, 0% used [0x00000000d5580000,0x00000000d5580000,0x00000000d9680000)
  from space 5120K, 99% used [0x00000000d9b80000,0x00000000da07c030,0x00000000da080000)
  to   space 5120K, 0% used [0x00000000d9680000,0x00000000d9680000,0x00000000d9b80000)
 ParOldGen       total 87552K, used 10122K [0x0000000080000000, 0x0000000085580000, 0x00000000d5580000)
  object space 87552K, 11% used [0x0000000080000000,0x00000000809e28a0,0x0000000085580000)
 Metaspace       used 14262K, capacity 14518K, committed 14720K, reserved 1062912K
  class space    used 1718K, capacity 1807K, committed 1920K, reserved 1048576K
}
Event: 3.759 GC heap before
{Heap before GC invocations=5 (full 0):
 PSYoungGen      total 71680K, used 71664K [0x00000000d5580000, 0x00000000da080000, 0x0000000100000000)
  eden space 66560K, 100% used [0x00000000d5580000,0x00000000d9680000,0x00000000d9680000)
  from space 5120K, 99% used [0x00000000d9b80000,0x00000000da07c030,0x00000000da080000)
  to   space 5120K, 0% used [0x00000000d9680000,0x00000000d9680000,0x00000000d9b80000)
 ParOldGen       total 87552K, used 10122K [0x0000000080000000, 0x0000000085580000, 0x00000000d5580000)
  object space 87552K, 11% used [0x0000000080000000,0x00000000809e28a0,0x0000000085580000)
 Metaspace       used 14484K, capacity 14734K, committed 14976K, reserved 1062912K
  class space    used 1724K, capacity 1811K, committed 1920K, reserved 1048576K
Event: 3.783 GC heap after
Heap after GC invocations=5 (full 0):
 PSYoungGen      total 71680K, used 5104K [0x00000000d5580000, 0x00000000da080000, 0x0000000100000000)
  eden space 66560K, 0% used [0x00000000d5580000,0x00000000d5580000,0x00000000d9680000)
  from space 5120K, 99% used [0x00000000d9680000,0x00000000d9b7c010,0x00000000d9b80000)
  to   space 5120K, 0% used [0x00000000d9b80000,0x00000000d9b80000,0x00000000da080000)
 ParOldGen       total 87552K, used 14602K [0x0000000080000000, 0x0000000085580000, 0x00000000d5580000)
  object space 87552K, 16% used [0x0000000080000000,0x0000000080e428b0,0x0000000085580000)
 Metaspace       used 14484K, capacity 14734K, committed 14976K, reserved 1062912K
  class space    used 1724K, capacity 1811K, committed 1920K, reserved 1048576K
}
Event: 5.218 GC heap before
{Heap before GC invocations=6 (full 0):
 PSYoungGen      total 71680K, used 71664K [0x00000000d5580000, 0x00000000da080000, 0x0000000100000000)
  eden space 66560K, 100% used [0x00000000d5580000,0x00000000d9680000,0x00000000d9680000)
  from space 5120K, 99% used [0x00000000d9680000,0x00000000d9b7c010,0x00000000d9b80000)
  to   space 5120K, 0% used [0x00000000d9b80000,0x00000000d9b80000,0x00000000da080000)
 ParOldGen       total 87552K, used 14602K [0x0000000080000000, 0x0000000085580000, 0x00000000d5580000)
  object space 87552K, 16% used [0x0000000080000000,0x0000000080e428b0,0x0000000085580000)
 Metaspace       used 20214K, capacity 20682K, committed 20736K, reserved 1067008K
  class space    used 2415K, capacity 2535K, committed 2560K, reserved 1048576K
Event: 5.248 GC heap after
Heap after GC invocations=6 (full 0):
 PSYoungGen      total 71680K, used 5104K [0x00000000d5580000, 0x00000000da080000, 0x0000000100000000)
  eden space 66560K, 0% used [0x00000000d5580000,0x00000000d5580000,0x00000000d9680000)
  from space 5120K, 99% used [0x00000000d9b80000,0x00000000da07c030,0x00000000da080000)
  to   space 5120K, 0% used [0x00000000d9680000,0x00000000d9680000,0x00000000d9b80000)
 ParOldGen       total 87552K, used 21230K [0x0000000080000000, 0x0000000085580000, 0x00000000d5580000)
  object space 87552K, 24% used [0x0000000080000000,0x00000000814bba50,0x0000000085580000)
 Metaspace       used 20214K, capacity 20682K, committed 20736K, reserved 1067008K
  class space    used 2415K, capacity 2535K, committed 2560K, reserved 1048576K
}
Event: 5.487 GC heap before
{Heap before GC invocations=7 (full 0):
 PSYoungGen      total 71680K, used 18402K [0x00000000d5580000, 0x00000000da080000, 0x0000000100000000)
  eden space 66560K, 19% used [0x00000000d5580000,0x00000000d627c808,0x00000000d9680000)
  from space 5120K, 99% used [0x00000000d9b80000,0x00000000da07c030,0x00000000da080000)
  to   space 5120K, 0% used [0x00000000d9680000,0x00000000d9680000,0x00000000d9b80000)
 ParOldGen       total 87552K, used 21230K [0x0000000080000000, 0x0000000085580000, 0x00000000d5580000)
  object space 87552K, 24% used [0x0000000080000000,0x00000000814bba50,0x0000000085580000)
 Metaspace       used 20684K, capacity 21148K, committed 21296K, reserved 1069056K
  class space    used 2474K, capacity 2601K, committed 2688K, reserved 1048576K
Event: 5.499 GC heap after
Heap after GC invocations=7 (full 0):
 PSYoungGen      total 71680K, used 4479K [0x00000000d5580000, 0x00000000df280000, 0x0000000100000000)
  eden space 66560K, 0% used [0x00000000d5580000,0x00000000d5580000,0x00000000d9680000)
  from space 5120K, 87% used [0x00000000d9680000,0x00000000d9adfc78,0x00000000d9b80000)
  to   space 13824K, 0% used [0x00000000de500000,0x00000000de500000,0x00000000df280000)
 ParOldGen       total 87552K, used 22648K [0x0000000080000000, 0x0000000085580000, 0x00000000d5580000)
  object space 87552K, 25% used [0x0000000080000000,0x000000008161e2d0,0x0000000085580000)
 Metaspace       used 20684K, capacity 21148K, committed 21296K, reserved 1069056K
  class space    used 2474K, capacity 2601K, committed 2688K, reserved 1048576K
}
Event: 5.499 GC heap before
{Heap before GC invocations=8 (full 1):
 PSYoungGen      total 71680K, used 4479K [0x00000000d5580000, 0x00000000df280000, 0x0000000100000000)
  eden space 66560K, 0% used [0x00000000d5580000,0x00000000d5580000,0x00000000d9680000)
  from space 5120K, 87% used [0x00000000d9680000,0x00000000d9adfc78,0x00000000d9b80000)
  to   space 13824K, 0% used [0x00000000de500000,0x00000000de500000,0x00000000df280000)
 ParOldGen       total 87552K, used 22648K [0x0000000080000000, 0x0000000085580000, 0x00000000d5580000)
  object space 87552K, 25% used [0x0000000080000000,0x000000008161e2d0,0x0000000085580000)
 Metaspace       used 20684K, capacity 21148K, committed 21296K, reserved 1069056K
  class space    used 2474K, capacity 2601K, committed 2688K, reserved 1048576K
Event: 5.601 GC heap after
Heap after GC invocations=8 (full 1):
 PSYoungGen      total 71680K, used 0K [0x00000000d5580000, 0x00000000df280000, 0x0000000100000000)
  eden space 66560K, 0% used [0x00000000d5580000,0x00000000d5580000,0x00000000d9680000)
  from space 5120K, 0% used [0x00000000d9680000,0x00000000d9680000,0x00000000d9b80000)
  to   space 13824K, 0% used [0x00000000de500000,0x00000000de500000,0x00000000df280000)
 ParOldGen       total 72192K, used 17748K [0x0000000080000000, 0x0000000084680000, 0x00000000d5580000)
  object space 72192K, 24% used [0x0000000080000000,0x0000000081155038,0x0000000084680000)
 Metaspace       used 20684K, capacity 21148K, committed 21296K, reserved 1069056K
  class space    used 2474K, capacity 2601K, committed 2688K, reserved 1048576K
}

Deoptimization events (10 events):
Event: 5.079 Thread 0x0000000001efa000 Uncommon trap: reason=unstable_if action=reinterpret pc=0x0000000002a050e4 method=java.util.HashMap.hash(Ljava/lang/Object;)I @ 1
Event: 5.203 Thread 0x0000000001efa000 Uncommon trap: reason=class_check action=maybe_recompile pc=0x0000000002ce427c method=java.util.Hashtable.get(Ljava/lang/Object;)Ljava/lang/Object; @ 6
Event: 5.204 Thread 0x0000000001efa000 Uncommon trap: reason=class_check action=maybe_recompile pc=0x0000000002d984b0 method=java.util.Hashtable.put(Ljava/lang/Object;Ljava/lang/Object;)Ljava/lang/Object; @ 18
Event: 5.205 Thread 0x0000000001efa000 Uncommon trap: reason=class_check action=maybe_recompile pc=0x0000000002ce427c method=java.util.Hashtable.get(Ljava/lang/Object;)Ljava/lang/Object; @ 6
Event: 5.206 Thread 0x0000000001efa000 Uncommon trap: reason=class_check action=maybe_recompile pc=0x0000000002ce427c method=java.util.Hashtable.get(Ljava/lang/Object;)Ljava/lang/Object; @ 6
Event: 5.206 Thread 0x0000000001efa000 Uncommon trap: reason=class_check action=maybe_recompile pc=0x0000000002d984b0 method=java.util.Hashtable.put(Ljava/lang/Object;Ljava/lang/Object;)Ljava/lang/Object; @ 18
Event: 5.206 Thread 0x0000000001efa000 Uncommon trap: reason=class_check action=maybe_recompile pc=0x0000000002ce427c method=java.util.Hashtable.get(Ljava/lang/Object;)Ljava/lang/Object; @ 6
Event: 5.264 Thread 0x0000000001efa000 Uncommon trap: reason=class_check action=maybe_recompile pc=0x0000000002d984b0 method=java.util.Hashtable.put(Ljava/lang/Object;Ljava/lang/Object;)Ljava/lang/Object; @ 18
Event: 5.265 Thread 0x0000000001efa000 Uncommon trap: reason=class_check action=maybe_recompile pc=0x0000000002d984b0 method=java.util.Hashtable.put(Ljava/lang/Object;Ljava/lang/Object;)Ljava/lang/Object; @ 18
Event: 5.333 Thread 0x0000000001efa000 Uncommon trap: reason=unstable_if action=reinterpret pc=0x0000000002a31bb4 method=java.util.concurrent.ConcurrentHashMap.putVal(Ljava/lang/Object;Ljava/lang/Object;Z)Ljava/lang/Object; @ 206

Internal exceptions (10 events):
Event: 4.956 Thread 0x0000000001efa000 Exception <a 'java/security/PrivilegedActionException'> (0x00000000d8d4ec30) thrown at [C:\re\workspace\8-2-build-windows-amd64-cygwin\jdk8u72\5732\hotspot\src\share\vm\prims\jvm.cpp, line 1386]
Event: 4.970 Thread 0x0000000001efa000 Exception <a 'java/security/PrivilegedActionException'> (0x00000000d8de2768) thrown at [C:\re\workspace\8-2-build-windows-amd64-cygwin\jdk8u72\5732\hotspot\src\share\vm\prims\jvm.cpp, line 1386]
Event: 4.970 Thread 0x0000000001efa000 Exception <a 'java/security/PrivilegedActionException'> (0x00000000d8de2b60) thrown at [C:\re\workspace\8-2-build-windows-amd64-cygwin\jdk8u72\5732\hotspot\src\share\vm\prims\jvm.cpp, line 1386]
Event: 4.970 Thread 0x0000000001efa000 Exception <a 'java/security/PrivilegedActionException'> (0x00000000d8de3d28) thrown at [C:\re\workspace\8-2-build-windows-amd64-cygwin\jdk8u72\5732\hotspot\src\share\vm\prims\jvm.cpp, line 1386]
Event: 4.970 Thread 0x0000000001efa000 Exception <a 'java/security/PrivilegedActionException'> (0x00000000d8de4120) thrown at [C:\re\workspace\8-2-build-windows-amd64-cygwin\jdk8u72\5732\hotspot\src\share\vm\prims\jvm.cpp, line 1386]
Event: 4.970 Thread 0x0000000001efa000 Exception <a 'java/security/PrivilegedActionException'> (0x00000000d8de5320) thrown at [C:\re\workspace\8-2-build-windows-amd64-cygwin\jdk8u72\5732\hotspot\src\share\vm\prims\jvm.cpp, line 1386]
Event: 4.970 Thread 0x0000000001efa000 Exception <a 'java/security/PrivilegedActionException'> (0x00000000d8de5718) thrown at [C:\re\workspace\8-2-build-windows-amd64-cygwin\jdk8u72\5732\hotspot\src\share\vm\prims\jvm.cpp, line 1386]
Event: 4.971 Thread 0x0000000001efa000 Exception <a 'java/security/PrivilegedActionException'> (0x00000000d8ded088) thrown at [C:\re\workspace\8-2-build-windows-amd64-cygwin\jdk8u72\5732\hotspot\src\share\vm\prims\jvm.cpp, line 1386]
Event: 4.971 Thread 0x0000000001efa000 Exception <a 'java/security/PrivilegedActionException'> (0x00000000d8ded480) thrown at [C:\re\workspace\8-2-build-windows-amd64-cygwin\jdk8u72\5732\hotspot\src\share\vm\prims\jvm.cpp, line 1386]
Event: 5.079 Thread 0x0000000001efa000 Implicit null exception at 0x0000000002a04c5b to 0x0000000002a050c9

Events (10 events):
Event: 5.960 loading class org/apache/maven/plugin/MojoExecutionException
Event: 5.960 loading class org/apache/maven/plugin/MojoExecutionException done
Event: 5.960 loading class org/apache/maven/plugin/MojoExecutionException
Event: 5.960 loading class org/apache/maven/plugin/MojoExecutionException done
Event: 5.961 loading class org/codehaus/plexus/compiler/manager/NoSuchCompilerException
Event: 5.961 loading class org/codehaus/plexus/compiler/manager/NoSuchCompilerException done
Event: 5.961 loading class org/codehaus/plexus/compiler/manager/NoSuchCompilerException
Event: 5.961 loading class org/codehaus/plexus/compiler/manager/NoSuchCompilerException done
Event: 5.961 loading class org/codehaus/plexus/compiler/CompilerException
Event: 5.961 loading class org/codehaus/plexus/compiler/CompilerException done


Dynamic libraries:
0x000000013f810000 - 0x000000013f847000 	C:\Program Files\Java\jdk1.8.0_72\bin\java.exe
0x00000000772d0000 - 0x000000007746f000 	C:\Windows\SYSTEM32\ntdll.dll
0x00000000770b0000 - 0x00000000771cf000 	C:\Windows\system32\kernel32.dll
0x000007fefceb0000 - 0x000007fefcf1a000 	C:\Windows\system32\KERNELBASE.dll
0x000007fefde70000 - 0x000007fefdf4b000 	C:\Windows\system32\ADVAPI32.dll
0x000007fefddd0000 - 0x000007fefde6f000 	C:\Windows\system32\msvcrt.dll
0x000007fefd6d0000 - 0x000007fefd6ef000 	C:\Windows\SYSTEM32\sechost.dll
0x000007fefd7a0000 - 0x000007fefd8cd000 	C:\Windows\system32\RPCRT4.dll
0x00000000771d0000 - 0x00000000772ca000 	C:\Windows\system32\USER32.dll
0x000007fefe7a0000 - 0x000007fefe807000 	C:\Windows\system32\GDI32.dll
0x000007fefd6c0000 - 0x000007fefd6ce000 	C:\Windows\system32\LPK.dll
0x000007fefdb70000 - 0x000007fefdc3b000 	C:\Windows\system32\USP10.dll
0x000007fefb1b0000 - 0x000007fefb3a4000 	C:\Windows\WinSxS\amd64_microsoft.windows.common-controls_6595b64144ccf1df_6.0.7601.18837_none_fa3b1e3d17594757\COMCTL32.dll
0x000007fefe720000 - 0x000007fefe791000 	C:\Windows\system32\SHLWAPI.dll
0x000007fefd690000 - 0x000007fefd6be000 	C:\Windows\system32\IMM32.DLL
0x000007fefd8d0000 - 0x000007fefd9d9000 	C:\Windows\system32\MSCTF.dll
0x0000000054910000 - 0x00000000549e2000 	C:\Program Files\Java\jdk1.8.0_72\jre\bin\msvcr100.dll
0x000000006f740000 - 0x000000006ffd0000 	C:\Program Files\Java\jdk1.8.0_72\jre\bin\server\jvm.dll
0x000007fef76b0000 - 0x000007fef76b9000 	C:\Windows\system32\WSOCK32.dll
0x000007fefd6f0000 - 0x000007fefd73d000 	C:\Windows\system32\WS2_32.dll
0x000007fefdd20000 - 0x000007fefdd28000 	C:\Windows\system32\NSI.dll
0x000007fefab50000 - 0x000007fefab8b000 	C:\Windows\system32\WINMM.dll
0x000007fefc020000 - 0x000007fefc02c000 	C:\Windows\system32\VERSION.dll
0x0000000077480000 - 0x0000000077487000 	C:\Windows\system32\PSAPI.DLL
0x00000000733f0000 - 0x00000000733ff000 	C:\Program Files\Java\jdk1.8.0_72\jre\bin\verify.dll
0x00000000548e0000 - 0x0000000054909000 	C:\Program Files\Java\jdk1.8.0_72\jre\bin\java.dll
0x00000000779a0000 - 0x00000000779c3000 	C:\Program Files\Java\jdk1.8.0_72\jre\bin\instrument.dll
0x0000000050000000 - 0x0000000050016000 	C:\Program Files\Java\jdk1.8.0_72\jre\bin\zip.dll
0x000007fefe810000 - 0x000007feff59a000 	C:\Windows\system32\SHELL32.dll
0x000007fefe480000 - 0x000007fefe67f000 	C:\Windows\system32\ole32.dll
0x000007fefce20000 - 0x000007fefce2f000 	C:\Windows\system32\profapi.dll
0x000007fef4cb0000 - 0x000007fef4cca000 	D:\Users\ZNKI01191\AppData\Local\JetBrains\IntelliJ IDEA Community Edition 2018.3.3\bin\breakgen64.dll
0x00000000779e0000 - 0x00000000779fa000 	C:\Program Files\Java\jdk1.8.0_72\jre\bin\net.dll
0x000007fefc580000 - 0x000007fefc5d5000 	C:\Windows\system32\mswsock.dll
0x000007fefc7a0000 - 0x000007fefc7a7000 	C:\Windows\System32\wship6.dll
0x0000000077980000 - 0x0000000077991000 	C:\Program Files\Java\jdk1.8.0_72\jre\bin\nio.dll

VM Arguments:
jvm_args: -Dmaven.home=C:\Outils\apache-maven-3.2.3 -Dclassworlds.conf=C:\Outils\apache-maven-3.2.3\bin\m2.conf -javaagent:D:\Users\ZNKI01191\AppData\Local\JetBrains\IntelliJ IDEA Community Edition 2018.3.3\lib\idea_rt.jar=1487:D:\Users\ZNKI01191\AppData\Local\JetBrains\IntelliJ IDEA Community Edition 2018.3.3\bin -Dfile.encoding=UTF-8 
java_command: org.codehaus.classworlds.Launcher -Didea.version=2018.3.3 -s D:\maven\settings.xml -Dmaven.repo.local=D:\maven\repository -DskipTests=true clean install
java_class_path (initial): C:\Outils\apache-maven-3.2.3\boot\plexus-classworlds-2.5.1.jar;D:\Users\ZNKI01191\AppData\Local\JetBrains\IntelliJ IDEA Community Edition 2018.3.3\lib\idea_rt.jar
Launcher Type: SUN_STANDARD

Environment Variables:
JAVA_HOME=C:\Program Files\Java\jdk1.7.0_71
PATH=C:\ProgramData\Oracle\Java\javapath;C:\Python27\;C:\Python27\Scripts;C:\Program Files (x86)\Borland\CaliberRM SDK 11.0\lib;C:\Windows\system32;C:\Windows;C:\Windows\System32\Wbem;C:\Windows\System32\WindowsPowerShell\v1.0\;C:\Program Files\Java\jdk1.7.0_71\bin;%M2%;C:\Outils\apache-maven-3.2.3\\bin;C:\Program Files (x86)\Borland\StarTeam SDK 10.0\Lib;C:\Program Files (x86)\Borland\StarTeam SDK 10.0\Bin;C:\Outils\apache-maven-3.2.3\bin;C:\Program Files\TortoiseSVN\bin;C:\Outils\Python2.7.9;C:\Program Files\nodejs\;C:\Ruby22-x64\bin;C:\Program Files (x86)\HP\Virtual User Generator\strawberry-perl\perl\bin;C:\Outils\TortoiseGit\bin;C:\Program Files\PostgreSQL\9.4\bin;C:\Program Files (x86)\WinMerge;C:\Windows\System32\WindowsPowerShell\v1.0\;C:\Windows\idmu\common;C:\Windows\System32\WindowsPowerShell\v1.0\;C:\ProgramData\Oracle\Java\javapath;C:\Python27\;C:\Python27\Scripts;C:\Program Files (x86)\Borland\CaliberRM SDK 11.0\lib;C:\Windows\system32;C:\Windows;C:\Windows\System32\Wbem;C:\Windows\System32\WindowsPowerShell\v1.0\;C:\Program Files\Java\jdk1.7.0_71\bin;%M2%;C:\Outils\apache-maven-3.2.3\\bin;C:\Program Files (x86)\Borland\StarTeam SDK 10.0\Lib;C:\Program Files (x86)\Borland\StarTeam SDK 10.0\Bin;C:\Outils\apache-maven-3.2.3\bin;C:\Program Files\TortoiseSVN\bin;C:\Outils\Python2.7.9;C:\Program Files\nodejs\;C:\Ruby22-x64\bin;C:\Program Files (x86)\HP\Virtual User Generator\strawberry-perl\perl\bin;C:\Outils\TortoiseGit\bin;C:\Program Files\PostgreSQL\9.4\bin;C:\Program Files (x86)\WinMerge;C:\Windows\System32\WindowsPowerShell\v1.0\;C:\Windows\idmu\common;C:\Windows\System32\WindowsPowerShell\v1.0\;C:\Program Files (x86)\Google\Chrome\Application;C:\ProgramData\Oracle\Java\javapath;C:\Python27\;C:\Python27\Scripts;C:\Program Files (x86)\Borland\CaliberRM SDK 11.0\lib;C:\Windows\system32;C:\Windows;C:\Wi
USERNAME=ZNKI01191
OS=Windows_NT
PROCESSOR_IDENTIFIER=Intel64 Family 6 Model 45 Stepping 2, GenuineIntel



---------------  S Y S T E M  ---------------

OS: Windows 7 , 64 bit Build 7601 (6.1.7601.24308)

CPU:total 4 (2 cores per cpu, 1 threads per core) family 6 model 45 stepping 2, cmov, cx8, fxsr, mmx, sse, sse2, sse3, ssse3, sse4.1, sse4.2, popcnt, avx, aes, clmul, tsc, tscinvbit, tscinv

Memory: 4k page, physical 8388152k(795016k free), swap 9434828k(6512k free)

vm_info: Java HotSpot(TM) 64-Bit Server VM (25.72-b15) for windows-amd64 JRE (1.8.0_72-b15), built on Dec 22 2015 19:16:16 by "java_re" with MS VC++ 10.0 (VS2010)

time: Tue May 21 13:42:58 2019
elapsed time: 5 seconds (0d 0h 0m 5s)

