#
# There is insufficient memory for the Java Runtime Environment to continue.
# Native memory allocation (malloc) failed to allocate 32744 bytes for ChunkPool::allocate
# Possible reasons:
#   The system is out of physical RAM or swap space
#   In 32 bit mode, the process size limit was hit
# Possible solutions:
#   Reduce memory load on the system
#   Increase physical memory or swap space
#   Check if swap backing store is full
#   Use 64 bit Java on a 64 bit OS
#   Decrease Java heap size (-Xmx/-Xms)
#   Decrease number of Java threads
#   Decrease Java thread stack sizes (-Xss)
#   Set larger code cache with -XX:ReservedCodeCacheSize=
# This output file may be truncated or incomplete.
#
#  Out of Memory Error (allocation.cpp:273), pid=10640, tid=13924
#
# JRE version: Java(TM) SE Runtime Environment (8.0_72-b15) (build 1.8.0_72-b15)
# Java VM: Java HotSpot(TM) 64-Bit Server VM (25.72-b15 mixed mode windows-amd64 compressed oops)
# Failed to write core dump. Minidumps are not enabled by default on client versions of Windows
#

---------------  T H R E A D  ---------------

Current thread (0x0000000017371800):  VMThread [stack: 0x0000000018460000,0x0000000018560000] [id=13924]

Stack: [0x0000000018460000,0x0000000018560000]
[error occurred during error reporting (printing stack bounds), id 0xc0000005]

Native frames: (J=compiled Java code, j=interpreted, Vv=VM code, C=native code)

VM_Operation (0x000000000208c420): RevokeBias, mode: safepoint, requested by thread 0x0000000001e8a000


---------------  P R O C E S S  ---------------

Java Threads: ( => current thread )
  0x0000000018a02000 JavaThread "Service Thread" daemon [_thread_blocked, id=6688, stack(0x0000000019710000,0x0000000019810000)]
  0x0000000018978800 JavaThread "C1 CompilerThread2" daemon [_thread_blocked, id=8472, stack(0x0000000019450000,0x0000000019550000)]
  0x000000001896f000 JavaThread "C2 CompilerThread1" daemon [_thread_in_native, id=13752, stack(0x0000000019180000,0x0000000019280000)]
  0x000000001896e800 JavaThread "C2 CompilerThread0" daemon [_thread_in_native, id=3444, stack(0x0000000019050000,0x0000000019150000)]
  0x000000001896d000 JavaThread "Monitor Ctrl-Break" daemon [_thread_in_native, id=8284, stack(0x0000000018590000,0x0000000018690000)]
  0x00000000173dd000 JavaThread "Attach Listener" daemon [_thread_blocked, id=8556, stack(0x0000000018d70000,0x0000000018e70000)]
  0x00000000173db800 JavaThread "Signal Dispatcher" daemon [_thread_blocked, id=368, stack(0x0000000018eb0000,0x0000000018fb0000)]
  0x00000000173c0000 JavaThread "Finalizer" daemon [_thread_blocked, id=12524, stack(0x0000000018840000,0x0000000018940000)]
  0x0000000017379000 JavaThread "Reference Handler" daemon [_thread_blocked, id=14272, stack(0x00000000186c0000,0x00000000187c0000)]
  0x0000000001e8a000 JavaThread "main" [_thread_blocked, id=9544, stack(0x0000000001f90000,0x0000000002090000)]

Other Threads:
=>0x0000000017371800 VMThread [stack: 0x0000000018460000,0x0000000018560000] [id=13924]
  0x0000000018a1b800 WatcherThread [stack: 0x0000000019860000,0x0000000019960000] [id=12968]

VM state:at safepoint (normal execution)

VM Mutex/Monitor currently owned by a thread:  ([mutex/lock_event])
[0x0000000001e88980] Threads_lock - owner thread: 0x0000000017371800

Heap:
 PSYoungGen      total 71680K, used 71664K [0x00000000d5580000, 0x00000000def80000, 0x0000000100000000)
  eden space 66560K, 100% used [0x00000000d5580000,0x00000000d9680000,0x00000000d9680000)
  from space 5120K, 99% used [0x00000000d9680000,0x00000000d9b7c030,0x00000000d9b80000)
  to   space 12288K, 0% used [0x00000000de380000,0x00000000de380000,0x00000000def80000)
 ParOldGen       total 87552K, used 14626K [0x0000000080000000, 0x0000000085580000, 0x00000000d5580000)
  object space 87552K, 16% used [0x0000000080000000,0x0000000080e488b8,0x0000000085580000)
 Metaspace       used 20227K, capacity 20674K, committed 20736K, reserved 1067008K
  class space    used 2417K, capacity 2535K, committed 2560K, reserved 1048576K

Card table byte_map: [0x0000000011990000,0x0000000011da0000] byte_map_base: 0x0000000011590000

Marking Bits: (ParMarkBitMap*) 0x000000006ff50600
 Begin Bits: [0x00000000125e0000, 0x00000000145e0000)
 End Bits:   [0x00000000145e0000, 0x00000000165e0000)

Polling page: 0x0000000000210000

CodeCache: size=245760Kb used=10995Kb max_used=10995Kb free=234764Kb
 bounds [0x00000000025d0000, 0x00000000030a0000, 0x00000000115d0000]
 total_blobs=3469 nmethods=3101 adapters=280
 compilation: enabled

Compilation events (10 events):
Event: 4.685 Thread 0x0000000018978800 3101       1       com.sun.xml.xsom.impl.DeclarationImpl::getTargetNamespace (5 bytes)
Event: 4.685 Thread 0x0000000018978800 nmethod 3101 0x0000000003095dd0 code [0x0000000003095f20, 0x0000000003096030]
Event: 4.685 Thread 0x0000000018978800 3102       1       com.sun.xml.xsom.impl.ComponentImpl::getAnnotation (5 bytes)
Event: 4.685 Thread 0x0000000018978800 nmethod 3102 0x0000000003095b10 code [0x0000000003095c60, 0x0000000003095d70]
Event: 4.691 Thread 0x0000000018978800 3103       3       com.sun.tools.xjc.reader.xmlschema.bindinfo.BindInfo::get (51 bytes)
Event: 4.692 Thread 0x0000000018978800 nmethod 3103 0x0000000003094d50 code [0x0000000003094f40, 0x0000000003095868]
Event: 4.703 Thread 0x0000000018978800 3104       3       java.io.StringWriter::write (11 bytes)
Event: 4.704 Thread 0x0000000018978800 nmethod 3104 0x0000000003094250 code [0x00000000030943e0, 0x00000000030949e8]
Event: 4.705 Thread 0x0000000018978800 3105       3       com.sun.codemodel.util.JavadocEscapeWriter::write (45 bytes)
Event: 4.706 Thread 0x0000000018978800 nmethod 3105 0x0000000003093b10 code [0x0000000003093ca0, 0x0000000003094108]

GC Heap History (10 events):
Event: 1.068 GC heap before
{Heap before GC invocations=1 (full 0):
 PSYoungGen      total 38400K, used 33280K [0x00000000d5580000, 0x00000000d8000000, 0x0000000100000000)
  eden space 33280K, 100% used [0x00000000d5580000,0x00000000d7600000,0x00000000d7600000)
  from space 5120K, 0% used [0x00000000d7b00000,0x00000000d7b00000,0x00000000d8000000)
  to   space 5120K, 0% used [0x00000000d7600000,0x00000000d7600000,0x00000000d7b00000)
 ParOldGen       total 87552K, used 0K [0x0000000080000000, 0x0000000085580000, 0x00000000d5580000)
  object space 87552K, 0% used [0x0000000080000000,0x0000000080000000,0x0000000085580000)
 Metaspace       used 7905K, capacity 8120K, committed 8320K, reserved 1056768K
  class space    used 974K, capacity 1052K, committed 1152K, reserved 1048576K
Event: 1.077 GC heap after
Heap after GC invocations=1 (full 0):
 PSYoungGen      total 38400K, used 4692K [0x00000000d5580000, 0x00000000d8000000, 0x0000000100000000)
  eden space 33280K, 0% used [0x00000000d5580000,0x00000000d5580000,0x00000000d7600000)
  from space 5120K, 91% used [0x00000000d7600000,0x00000000d7a95170,0x00000000d7b00000)
  to   space 5120K, 0% used [0x00000000d7b00000,0x00000000d7b00000,0x00000000d8000000)
 ParOldGen       total 87552K, used 16K [0x0000000080000000, 0x0000000085580000, 0x00000000d5580000)
  object space 87552K, 0% used [0x0000000080000000,0x0000000080004000,0x0000000085580000)
 Metaspace       used 7905K, capacity 8120K, committed 8320K, reserved 1056768K
  class space    used 974K, capacity 1052K, committed 1152K, reserved 1048576K
}
Event: 1.786 GC heap before
{Heap before GC invocations=2 (full 0):
 PSYoungGen      total 38400K, used 37972K [0x00000000d5580000, 0x00000000d8000000, 0x0000000100000000)
  eden space 33280K, 100% used [0x00000000d5580000,0x00000000d7600000,0x00000000d7600000)
  from space 5120K, 91% used [0x00000000d7600000,0x00000000d7a95170,0x00000000d7b00000)
  to   space 5120K, 0% used [0x00000000d7b00000,0x00000000d7b00000,0x00000000d8000000)
 ParOldGen       total 87552K, used 16K [0x0000000080000000, 0x0000000085580000, 0x00000000d5580000)
  object space 87552K, 0% used [0x0000000080000000,0x0000000080004000,0x0000000085580000)
 Metaspace       used 11913K, capacity 12132K, committed 12416K, reserved 1060864K
  class space    used 1500K, capacity 1576K, committed 1664K, reserved 1048576K
Event: 1.806 GC heap after
Heap after GC invocations=2 (full 0):
 PSYoungGen      total 38400K, used 5115K [0x00000000d5580000, 0x00000000da080000, 0x0000000100000000)
  eden space 33280K, 0% used [0x00000000d5580000,0x00000000d5580000,0x00000000d7600000)
  from space 5120K, 99% used [0x00000000d7b00000,0x00000000d7ffef00,0x00000000d8000000)
  to   space 5120K, 0% used [0x00000000d7600000,0x00000000d7600000,0x00000000d7b00000)
 ParOldGen       total 87552K, used 1949K [0x0000000080000000, 0x0000000085580000, 0x00000000d5580000)
  object space 87552K, 2% used [0x0000000080000000,0x00000000801e76a8,0x0000000085580000)
 Metaspace       used 11913K, capacity 12132K, committed 12416K, reserved 1060864K
  class space    used 1500K, capacity 1576K, committed 1664K, reserved 1048576K
}
Event: 2.291 GC heap before
{Heap before GC invocations=3 (full 0):
 PSYoungGen      total 38400K, used 38395K [0x00000000d5580000, 0x00000000da080000, 0x0000000100000000)
  eden space 33280K, 100% used [0x00000000d5580000,0x00000000d7600000,0x00000000d7600000)
  from space 5120K, 99% used [0x00000000d7b00000,0x00000000d7ffef00,0x00000000d8000000)
  to   space 5120K, 0% used [0x00000000d7600000,0x00000000d7600000,0x00000000d7b00000)
 ParOldGen       total 87552K, used 1949K [0x0000000080000000, 0x0000000085580000, 0x00000000d5580000)
  object space 87552K, 2% used [0x0000000080000000,0x00000000801e76a8,0x0000000085580000)
 Metaspace       used 13766K, capacity 14024K, committed 14080K, reserved 1060864K
  class space    used 1683K, capacity 1774K, committed 1792K, reserved 1048576K
Event: 2.317 GC heap after
Heap after GC invocations=3 (full 0):
 PSYoungGen      total 38400K, used 5088K [0x00000000d5580000, 0x00000000da080000, 0x0000000100000000)
  eden space 33280K, 0% used [0x00000000d5580000,0x00000000d5580000,0x00000000d7600000)
  from space 5120K, 99% used [0x00000000d7600000,0x00000000d7af8040,0x00000000d7b00000)
  to   space 5120K, 0% used [0x00000000d9b80000,0x00000000d9b80000,0x00000000da080000)
 ParOldGen       total 87552K, used 5600K [0x0000000080000000, 0x0000000085580000, 0x00000000d5580000)
  object space 87552K, 6% used [0x0000000080000000,0x0000000080578338,0x0000000085580000)
 Metaspace       used 13766K, capacity 14024K, committed 14080K, reserved 1060864K
  class space    used 1683K, capacity 1774K, committed 1792K, reserved 1048576K
}
Event: 2.764 GC heap before
{Heap before GC invocations=4 (full 0):
 PSYoungGen      total 38400K, used 38368K [0x00000000d5580000, 0x00000000da080000, 0x0000000100000000)
  eden space 33280K, 100% used [0x00000000d5580000,0x00000000d7600000,0x00000000d7600000)
  from space 5120K, 99% used [0x00000000d7600000,0x00000000d7af8040,0x00000000d7b00000)
  to   space 5120K, 0% used [0x00000000d9b80000,0x00000000d9b80000,0x00000000da080000)
 ParOldGen       total 87552K, used 5600K [0x0000000080000000, 0x0000000085580000, 0x00000000d5580000)
  object space 87552K, 6% used [0x0000000080000000,0x0000000080578338,0x0000000085580000)
 Metaspace       used 14268K, capacity 14510K, committed 14720K, reserved 1062912K
  class space    used 1718K, capacity 1807K, committed 1920K, reserved 1048576K
Event: 2.782 GC heap after
Heap after GC invocations=4 (full 0):
 PSYoungGen      total 71680K, used 5088K [0x00000000d5580000, 0x00000000da080000, 0x0000000100000000)
  eden space 66560K, 0% used [0x00000000d5580000,0x00000000d5580000,0x00000000d9680000)
  from space 5120K, 99% used [0x00000000d9b80000,0x00000000da078020,0x00000000da080000)
  to   space 5120K, 0% used [0x00000000d9680000,0x00000000d9680000,0x00000000d9b80000)
 ParOldGen       total 87552K, used 10118K [0x0000000080000000, 0x0000000085580000, 0x00000000d5580000)
  object space 87552K, 11% used [0x0000000080000000,0x00000000809e18a8,0x0000000085580000)
 Metaspace       used 14268K, capacity 14510K, committed 14720K, reserved 1062912K
  class space    used 1718K, capacity 1807K, committed 1920K, reserved 1048576K
}
Event: 3.312 GC heap before
{Heap before GC invocations=5 (full 0):
 PSYoungGen      total 71680K, used 71648K [0x00000000d5580000, 0x00000000da080000, 0x0000000100000000)
  eden space 66560K, 100% used [0x00000000d5580000,0x00000000d9680000,0x00000000d9680000)
  from space 5120K, 99% used [0x00000000d9b80000,0x00000000da078020,0x00000000da080000)
  to   space 5120K, 0% used [0x00000000d9680000,0x00000000d9680000,0x00000000d9b80000)
 ParOldGen       total 87552K, used 10118K [0x0000000080000000, 0x0000000085580000, 0x00000000d5580000)
  object space 87552K, 11% used [0x0000000080000000,0x00000000809e18a8,0x0000000085580000)
 Metaspace       used 14484K, capacity 14790K, committed 14976K, reserved 1062912K
  class space    used 1723K, capacity 1811K, committed 1920K, reserved 1048576K
Event: 3.330 GC heap after
Heap after GC invocations=5 (full 0):
 PSYoungGen      total 71680K, used 5104K [0x00000000d5580000, 0x00000000def80000, 0x0000000100000000)
  eden space 66560K, 0% used [0x00000000d5580000,0x00000000d5580000,0x00000000d9680000)
  from space 5120K, 99% used [0x00000000d9680000,0x00000000d9b7c030,0x00000000d9b80000)
  to   space 12288K, 0% used [0x00000000de380000,0x00000000de380000,0x00000000def80000)
 ParOldGen       total 87552K, used 14626K [0x0000000080000000, 0x0000000085580000, 0x00000000d5580000)
  object space 87552K, 16% used [0x0000000080000000,0x0000000080e488b8,0x0000000085580000)
 Metaspace       used 14484K, capacity 14790K, committed 14976K, reserved 1062912K
  class space    used 1723K, capacity 1811K, committed 1920K, reserved 1048576K
}

Deoptimization events (10 events):
Event: 4.344 Thread 0x0000000001e8a000 Uncommon trap: reason=bimorphic action=maybe_recompile pc=0x0000000002a62b60 method=java.lang.ClassLoader.loadClass(Ljava/lang/String;Z)Ljava/lang/Class; @ 38
Event: 4.344 Thread 0x0000000001e8a000 Uncommon trap: reason=bimorphic action=maybe_recompile pc=0x0000000002a62b60 method=java.lang.ClassLoader.loadClass(Ljava/lang/String;Z)Ljava/lang/Class; @ 38
Event: 4.403 Thread 0x0000000001e8a000 Uncommon trap: reason=unstable_if action=reinterpret pc=0x00000000027ef5c0 method=java.lang.AbstractStringBuilder.append(Ljava/lang/String;)Ljava/lang/AbstractStringBuilder; @ 1
Event: 4.599 Thread 0x0000000001e8a000 Uncommon trap: reason=unstable_if action=reinterpret pc=0x00000000028e0864 method=java.util.HashMap.hash(Ljava/lang/Object;)I @ 1
Event: 4.710 Thread 0x0000000001e8a000 Uncommon trap: reason=class_check action=maybe_recompile pc=0x0000000002ba8bfc method=java.util.Hashtable.get(Ljava/lang/Object;)Ljava/lang/Object; @ 6
Event: 4.710 Thread 0x0000000001e8a000 Uncommon trap: reason=class_check action=maybe_recompile pc=0x0000000002caa0f0 method=java.util.Hashtable.put(Ljava/lang/Object;Ljava/lang/Object;)Ljava/lang/Object; @ 18
Event: 4.710 Thread 0x0000000001e8a000 Uncommon trap: reason=class_check action=maybe_recompile pc=0x0000000002ba8bfc method=java.util.Hashtable.get(Ljava/lang/Object;)Ljava/lang/Object; @ 6
Event: 4.711 Thread 0x0000000001e8a000 Uncommon trap: reason=class_check action=maybe_recompile pc=0x0000000002ba8bfc method=java.util.Hashtable.get(Ljava/lang/Object;)Ljava/lang/Object; @ 6
Event: 4.711 Thread 0x0000000001e8a000 Uncommon trap: reason=class_check action=maybe_recompile pc=0x0000000002caa0f0 method=java.util.Hashtable.put(Ljava/lang/Object;Ljava/lang/Object;)Ljava/lang/Object; @ 18
Event: 4.712 Thread 0x0000000001e8a000 Uncommon trap: reason=class_check action=maybe_recompile pc=0x0000000002ba8bfc method=java.util.Hashtable.get(Ljava/lang/Object;)Ljava/lang/Object; @ 6

Internal exceptions (10 events):
Event: 4.480 Thread 0x0000000001e8a000 Exception <a 'java/security/PrivilegedActionException'> (0x00000000d8ca5038) thrown at [C:\re\workspace\8-2-build-windows-amd64-cygwin\jdk8u72\5732\hotspot\src\share\vm\prims\jvm.cpp, line 1386]
Event: 4.493 Thread 0x0000000001e8a000 Exception <a 'java/security/PrivilegedActionException'> (0x00000000d8d3bba8) thrown at [C:\re\workspace\8-2-build-windows-amd64-cygwin\jdk8u72\5732\hotspot\src\share\vm\prims\jvm.cpp, line 1386]
Event: 4.493 Thread 0x0000000001e8a000 Exception <a 'java/security/PrivilegedActionException'> (0x00000000d8d3bfa0) thrown at [C:\re\workspace\8-2-build-windows-amd64-cygwin\jdk8u72\5732\hotspot\src\share\vm\prims\jvm.cpp, line 1386]
Event: 4.493 Thread 0x0000000001e8a000 Exception <a 'java/security/PrivilegedActionException'> (0x00000000d8d3d168) thrown at [C:\re\workspace\8-2-build-windows-amd64-cygwin\jdk8u72\5732\hotspot\src\share\vm\prims\jvm.cpp, line 1386]
Event: 4.493 Thread 0x0000000001e8a000 Exception <a 'java/security/PrivilegedActionException'> (0x00000000d8d3d560) thrown at [C:\re\workspace\8-2-build-windows-amd64-cygwin\jdk8u72\5732\hotspot\src\share\vm\prims\jvm.cpp, line 1386]
Event: 4.493 Thread 0x0000000001e8a000 Exception <a 'java/security/PrivilegedActionException'> (0x00000000d8d3e760) thrown at [C:\re\workspace\8-2-build-windows-amd64-cygwin\jdk8u72\5732\hotspot\src\share\vm\prims\jvm.cpp, line 1386]
Event: 4.493 Thread 0x0000000001e8a000 Exception <a 'java/security/PrivilegedActionException'> (0x00000000d8d3eb58) thrown at [C:\re\workspace\8-2-build-windows-amd64-cygwin\jdk8u72\5732\hotspot\src\share\vm\prims\jvm.cpp, line 1386]
Event: 4.494 Thread 0x0000000001e8a000 Exception <a 'java/security/PrivilegedActionException'> (0x00000000d8d464c8) thrown at [C:\re\workspace\8-2-build-windows-amd64-cygwin\jdk8u72\5732\hotspot\src\share\vm\prims\jvm.cpp, line 1386]
Event: 4.494 Thread 0x0000000001e8a000 Exception <a 'java/security/PrivilegedActionException'> (0x00000000d8d468c0) thrown at [C:\re\workspace\8-2-build-windows-amd64-cygwin\jdk8u72\5732\hotspot\src\share\vm\prims\jvm.cpp, line 1386]
Event: 4.599 Thread 0x0000000001e8a000 Implicit null exception at 0x00000000028e03db to 0x00000000028e0849

Events (10 events):
Event: 4.723 loading class com/sun/tools/xjc/model/CElementPropertyInfo$1
Event: 4.723 loading class com/sun/tools/xjc/model/CElementPropertyInfo$1 done
Event: 4.723 loading class com/sun/tools/xjc/model/CElementPropertyInfo$1
Event: 4.723 loading class com/sun/tools/xjc/model/CElementPropertyInfo$1 done
Event: 4.724 loading class com/sun/tools/xjc/reader/xmlschema/bindinfo/BIInlineBinaryData
Event: 4.724 loading class com/sun/tools/xjc/reader/xmlschema/bindinfo/BIInlineBinaryData done
Event: 4.724 loading class com/sun/tools/xjc/reader/xmlschema/bindinfo/BIInlineBinaryData
Event: 4.724 loading class com/sun/tools/xjc/reader/xmlschema/bindinfo/BIInlineBinaryData done
Event: 4.725 Thread 0x0000000001e8a000 Uncommon trap: trap_request=0xffffffde fr.pc=0x0000000002caa0f0
Event: 4.725 Executing VM operation: RevokeBias


Dynamic libraries:
0x000000013f810000 - 0x000000013f847000 	C:\Program Files\Java\jdk1.8.0_72\bin\java.exe
0x00000000772d0000 - 0x000000007746f000 	C:\Windows\SYSTEM32\ntdll.dll
0x00000000770b0000 - 0x00000000771cf000 	C:\Windows\system32\kernel32.dll
0x000007fefceb0000 - 0x000007fefcf1a000 	C:\Windows\system32\KERNELBASE.dll
0x000007fefde70000 - 0x000007fefdf4b000 	C:\Windows\system32\ADVAPI32.dll
0x000007fefddd0000 - 0x000007fefde6f000 	C:\Windows\system32\msvcrt.dll
0x000007fefd6d0000 - 0x000007fefd6ef000 	C:\Windows\SYSTEM32\sechost.dll
0x000007fefd7a0000 - 0x000007fefd8cd000 	C:\Windows\system32\RPCRT4.dll
0x00000000771d0000 - 0x00000000772ca000 	C:\Windows\system32\USER32.dll
0x000007fefe7a0000 - 0x000007fefe807000 	C:\Windows\system32\GDI32.dll
0x000007fefd6c0000 - 0x000007fefd6ce000 	C:\Windows\system32\LPK.dll
0x000007fefdb70000 - 0x000007fefdc3b000 	C:\Windows\system32\USP10.dll
0x000007fefb1b0000 - 0x000007fefb3a4000 	C:\Windows\WinSxS\amd64_microsoft.windows.common-controls_6595b64144ccf1df_6.0.7601.18837_none_fa3b1e3d17594757\COMCTL32.dll
0x000007fefe720000 - 0x000007fefe791000 	C:\Windows\system32\SHLWAPI.dll
0x000007fefd690000 - 0x000007fefd6be000 	C:\Windows\system32\IMM32.DLL
0x000007fefd8d0000 - 0x000007fefd9d9000 	C:\Windows\system32\MSCTF.dll
0x0000000054910000 - 0x00000000549e2000 	C:\Program Files\Java\jdk1.8.0_72\jre\bin\msvcr100.dll
0x000000006f740000 - 0x000000006ffd0000 	C:\Program Files\Java\jdk1.8.0_72\jre\bin\server\jvm.dll
0x000007fef76b0000 - 0x000007fef76b9000 	C:\Windows\system32\WSOCK32.dll
0x000007fefd6f0000 - 0x000007fefd73d000 	C:\Windows\system32\WS2_32.dll
0x000007fefdd20000 - 0x000007fefdd28000 	C:\Windows\system32\NSI.dll
0x000007fefab50000 - 0x000007fefab8b000 	C:\Windows\system32\WINMM.dll
0x000007fefc020000 - 0x000007fefc02c000 	C:\Windows\system32\VERSION.dll
0x0000000077480000 - 0x0000000077487000 	C:\Windows\system32\PSAPI.DLL
0x00000000733f0000 - 0x00000000733ff000 	C:\Program Files\Java\jdk1.8.0_72\jre\bin\verify.dll
0x00000000548e0000 - 0x0000000054909000 	C:\Program Files\Java\jdk1.8.0_72\jre\bin\java.dll
0x00000000779a0000 - 0x00000000779c3000 	C:\Program Files\Java\jdk1.8.0_72\jre\bin\instrument.dll
0x0000000050000000 - 0x0000000050016000 	C:\Program Files\Java\jdk1.8.0_72\jre\bin\zip.dll
0x000007fefe810000 - 0x000007feff59a000 	C:\Windows\system32\SHELL32.dll
0x000007fefe480000 - 0x000007fefe67f000 	C:\Windows\system32\ole32.dll
0x000007fefce20000 - 0x000007fefce2f000 	C:\Windows\system32\profapi.dll
0x000007fef4cb0000 - 0x000007fef4cca000 	D:\Users\ZNKI01191\AppData\Local\JetBrains\IntelliJ IDEA Community Edition 2018.3.3\bin\breakgen64.dll
0x00000000779e0000 - 0x00000000779fa000 	C:\Program Files\Java\jdk1.8.0_72\jre\bin\net.dll
0x000007fefc580000 - 0x000007fefc5d5000 	C:\Windows\system32\mswsock.dll
0x000007fefc7a0000 - 0x000007fefc7a7000 	C:\Windows\System32\wship6.dll
0x0000000077980000 - 0x0000000077991000 	C:\Program Files\Java\jdk1.8.0_72\jre\bin\nio.dll

VM Arguments:
jvm_args: -Dmaven.home=C:\Outils\apache-maven-3.2.3 -Dclassworlds.conf=C:\Outils\apache-maven-3.2.3\bin\m2.conf -javaagent:D:\Users\ZNKI01191\AppData\Local\JetBrains\IntelliJ IDEA Community Edition 2018.3.3\lib\idea_rt.jar=64319:D:\Users\ZNKI01191\AppData\Local\JetBrains\IntelliJ IDEA Community Edition 2018.3.3\bin -Dfile.encoding=UTF-8 
java_command: org.codehaus.classworlds.Launcher -Didea.version=2018.3.3 -s D:\maven\settings.xml -Dmaven.repo.local=D:\maven\repository -DskipTests=true clean install
java_class_path (initial): C:\Outils\apache-maven-3.2.3\boot\plexus-classworlds-2.5.1.jar;D:\Users\ZNKI01191\AppData\Local\JetBrains\IntelliJ IDEA Community Edition 2018.3.3\lib\idea_rt.jar
Launcher Type: SUN_STANDARD

Environment Variables:
JAVA_HOME=C:\Program Files\Java\jdk1.7.0_71
PATH=C:\ProgramData\Oracle\Java\javapath;C:\Python27\;C:\Python27\Scripts;C:\Program Files (x86)\Borland\CaliberRM SDK 11.0\lib;C:\Windows\system32;C:\Windows;C:\Windows\System32\Wbem;C:\Windows\System32\WindowsPowerShell\v1.0\;C:\Program Files\Java\jdk1.7.0_71\bin;%M2%;C:\Outils\apache-maven-3.2.3\\bin;C:\Program Files (x86)\Borland\StarTeam SDK 10.0\Lib;C:\Program Files (x86)\Borland\StarTeam SDK 10.0\Bin;C:\Outils\apache-maven-3.2.3\bin;C:\Program Files\TortoiseSVN\bin;C:\Outils\Python2.7.9;C:\Program Files\nodejs\;C:\Ruby22-x64\bin;C:\Program Files (x86)\HP\Virtual User Generator\strawberry-perl\perl\bin;C:\Outils\TortoiseGit\bin;C:\Program Files\PostgreSQL\9.4\bin;C:\Program Files (x86)\WinMerge;C:\Windows\System32\WindowsPowerShell\v1.0\;C:\Windows\idmu\common;C:\Windows\System32\WindowsPowerShell\v1.0\;C:\ProgramData\Oracle\Java\javapath;C:\Python27\;C:\Python27\Scripts;C:\Program Files (x86)\Borland\CaliberRM SDK 11.0\lib;C:\Windows\system32;C:\Windows;C:\Windows\System32\Wbem;C:\Windows\System32\WindowsPowerShell\v1.0\;C:\Program Files\Java\jdk1.7.0_71\bin;%M2%;C:\Outils\apache-maven-3.2.3\\bin;C:\Program Files (x86)\Borland\StarTeam SDK 10.0\Lib;C:\Program Files (x86)\Borland\StarTeam SDK 10.0\Bin;C:\Outils\apache-maven-3.2.3\bin;C:\Program Files\TortoiseSVN\bin;C:\Outils\Python2.7.9;C:\Program Files\nodejs\;C:\Ruby22-x64\bin;C:\Program Files (x86)\HP\Virtual User Generator\strawberry-perl\perl\bin;C:\Outils\TortoiseGit\bin;C:\Program Files\PostgreSQL\9.4\bin;C:\Program Files (x86)\WinMerge;C:\Windows\System32\WindowsPowerShell\v1.0\;C:\Windows\idmu\common;C:\Windows\System32\WindowsPowerShell\v1.0\;C:\Program Files (x86)\Google\Chrome\Application;C:\ProgramData\Oracle\Java\javapath;C:\Python27\;C:\Python27\Scripts;C:\Program Files (x86)\Borland\CaliberRM SDK 11.0\lib;C:\Windows\system32;C:\Windows;C:\Wi
USERNAME=ZNKI01191
OS=Windows_NT
PROCESSOR_IDENTIFIER=Intel64 Family 6 Model 45 Stepping 2, GenuineIntel



---------------  S Y S T E M  ---------------

OS: Windows 7 , 64 bit Build 7601 (6.1.7601.24308)

CPU:total 4 (2 cores per cpu, 1 threads per core) family 6 model 45 stepping 2, cmov, cx8, fxsr, mmx, sse, sse2, sse3, ssse3, sse4.1, sse4.2, popcnt, avx, aes, clmul, tsc, tscinvbit, tscinv

Memory: 4k page, physical 8388152k(825680k free), swap 9434828k(5096k free)

vm_info: Java HotSpot(TM) 64-Bit Server VM (25.72-b15) for windows-amd64 JRE (1.8.0_72-b15), built on Dec 22 2015 19:16:16 by "java_re" with MS VC++ 10.0 (VS2010)

time: Tue May 21 13:44:03 2019
elapsed time: 4 seconds (0d 0h 0m 4s)

